2023-03-26 20:29:30,801 [DEBUG] Using selector: KqueueSelector
2023-03-26 20:29:30,811 [INFO] API Started
2023-03-26 20:29:34,249 [INFO] requested at 1679842774.249179
2023-03-26 20:29:34,251 [INFO] resposne time 0.002680063247680664
2023-03-26 20:29:34,366 [INFO] requested at 1679842774.36622
2023-03-26 20:29:34,384 [INFO] resposne time 0.018225908279418945
2023-03-26 20:29:41,851 [INFO] requested at 1679842781.851375
2023-03-26 20:29:41,853 [DEBUG] Calling on_field_start with no data
2023-03-26 20:29:41,853 [DEBUG] Calling on_field_name with data[0:10]
2023-03-26 20:29:41,854 [DEBUG] Calling on_field_data with data[11:19]
2023-03-26 20:29:41,854 [DEBUG] Calling on_field_end with no data
2023-03-26 20:29:41,854 [DEBUG] Calling on_field_start with no data
2023-03-26 20:29:41,854 [DEBUG] Calling on_field_name with data[20:28]
2023-03-26 20:29:41,854 [DEBUG] Calling on_field_data with data[29:35]
2023-03-26 20:29:41,854 [DEBUG] Calling on_field_end with no data
2023-03-26 20:29:41,854 [DEBUG] Calling on_field_start with no data
2023-03-26 20:29:41,854 [DEBUG] Calling on_field_name with data[36:44]
2023-03-26 20:29:41,855 [DEBUG] Calling on_field_data with data[45:51]
2023-03-26 20:29:41,855 [DEBUG] Calling on_field_end with no data
2023-03-26 20:29:41,855 [DEBUG] Calling on_end with no data
2023-03-26 20:29:41,858 [INFO] Starting Authentication of qwerty
2023-03-26 20:29:41,878 [DEBUG] detected 'bcrypt' backend, version '4.0.1'
2023-03-26 20:29:41,879 [DEBUG] 'bcrypt' backend lacks $2$ support, enabling workaround
2023-03-26 20:29:42,243 [INFO] User qwerty has been authenticated
2023-03-26 20:29:42,244 [INFO] resposne time 0.39269089698791504
2023-03-26 20:29:56,772 [INFO] requested at 1679842796.772392
2023-03-26 20:29:56,774 [INFO] Validating token
2023-03-26 20:29:56,777 [INFO] Token Validated
2023-03-26 20:29:56,777 [INFO] retreiving tasks for qwerty
2023-03-26 20:29:56,782 [INFO] resposne time 0.01052093505859375
2023-03-26 20:30:21,218 [INFO] requested at 1679842821.2186859
2023-03-26 20:30:21,222 [INFO] resposne time 0.004092216491699219
2023-03-26 20:30:21,347 [INFO] requested at 1679842821.34758
2023-03-26 20:30:21,348 [INFO] resposne time 0.0012180805206298828
